C:\USERS\TAMIR\DOCUMENTS\VISUAL STUDIO 2010\PROJECTS\SHAYTAMIR\DEBUG\SHAYTAMIR.EXE
C:\USERS\TAMIR\DOCUMENTS\VISUAL STUDIO 2010\PROJECTS\SHAYTAMIR\DEBUG\SHAYTAMIR.ILK
C:\USERS\TAMIR\DOCUMENTS\VISUAL STUDIO 2010\PROJECTS\SHAYTAMIR\DEBUG\SHAYTAMIR.PDB
C:\USERS\TAMIR\DOCUMENTS\VISUAL STUDIO 2010\PROJECTS\SHAYTAMIR\SHAYTAMIR\DEBUG\ADDSHAPE.OBJ
C:\Users\TAMIR\documents\visual studio 2010\Projects\shayTamir\shayTamir\Debug\cl.command.1.tlog
C:\Users\TAMIR\documents\visual studio 2010\Projects\shayTamir\shayTamir\Debug\CL.read.1.tlog
C:\Users\TAMIR\documents\visual studio 2010\Projects\shayTamir\shayTamir\Debug\CL.write.1.tlog
C:\USERS\TAMIR\DOCUMENTS\VISUAL STUDIO 2010\PROJECTS\SHAYTAMIR\SHAYTAMIR\DEBUG\COMMAND.OBJ
C:\USERS\TAMIR\DOCUMENTS\VISUAL STUDIO 2010\PROJECTS\SHAYTAMIR\SHAYTAMIR\DEBUG\ELLIPSEFACTORY.OBJ
C:\USERS\TAMIR\DOCUMENTS\VISUAL STUDIO 2010\PROJECTS\SHAYTAMIR\SHAYTAMIR\DEBUG\LINEFACTORY.OBJ
C:\Users\TAMIR\documents\visual studio 2010\Projects\shayTamir\shayTamir\Debug\link.10232.read.1.tlog
C:\Users\TAMIR\documents\visual studio 2010\Projects\shayTamir\shayTamir\Debug\link.10232.write.1.tlog
C:\Users\TAMIR\documents\visual studio 2010\Projects\shayTamir\shayTamir\Debug\link.10232-cvtres.read.1.tlog
C:\Users\TAMIR\documents\visual studio 2010\Projects\shayTamir\shayTamir\Debug\link.10232-cvtres.write.1.tlog
C:\Users\TAMIR\documents\visual studio 2010\Projects\shayTamir\shayTamir\Debug\link.10488.read.1.tlog
C:\Users\TAMIR\documents\visual studio 2010\Projects\shayTamir\shayTamir\Debug\link.10488.write.1.tlog
C:\Users\TAMIR\documents\visual studio 2010\Projects\shayTamir\shayTamir\Debug\link.10488-cvtres.read.1.tlog
C:\Users\TAMIR\documents\visual studio 2010\Projects\shayTamir\shayTamir\Debug\link.10488-cvtres.write.1.tlog
C:\Users\TAMIR\documents\visual studio 2010\Projects\shayTamir\shayTamir\Debug\link.10916.read.1.tlog
C:\Users\TAMIR\documents\visual studio 2010\Projects\shayTamir\shayTamir\Debug\link.10916.write.1.tlog
C:\Users\TAMIR\documents\visual studio 2010\Projects\shayTamir\shayTamir\Debug\link.10916-cvtres.read.1.tlog
C:\Users\TAMIR\documents\visual studio 2010\Projects\shayTamir\shayTamir\Debug\link.10916-cvtres.write.1.tlog
C:\Users\TAMIR\documents\visual studio 2010\Projects\shayTamir\shayTamir\Debug\link.11088.read.1.tlog
C:\Users\TAMIR\documents\visual studio 2010\Projects\shayTamir\shayTamir\Debug\link.11088.write.1.tlog
C:\Users\TAMIR\documents\visual studio 2010\Projects\shayTamir\shayTamir\Debug\link.11088-cvtres.read.1.tlog
C:\Users\TAMIR\documents\visual studio 2010\Projects\shayTamir\shayTamir\Debug\link.11088-cvtres.write.1.tlog
C:\Users\TAMIR\documents\visual studio 2010\Projects\shayTamir\shayTamir\Debug\link.11656.read.1.tlog
C:\Users\TAMIR\documents\visual studio 2010\Projects\shayTamir\shayTamir\Debug\link.11656.write.1.tlog
C:\Users\TAMIR\documents\visual studio 2010\Projects\shayTamir\shayTamir\Debug\link.11656-cvtres.read.1.tlog
C:\Users\TAMIR\documents\visual studio 2010\Projects\shayTamir\shayTamir\Debug\link.11656-cvtres.write.1.tlog
C:\Users\TAMIR\documents\visual studio 2010\Projects\shayTamir\shayTamir\Debug\link.12100.read.1.tlog
C:\Users\TAMIR\documents\visual studio 2010\Projects\shayTamir\shayTamir\Debug\link.12100.write.1.tlog
C:\Users\TAMIR\documents\visual studio 2010\Projects\shayTamir\shayTamir\Debug\link.12100-cvtres.read.1.tlog
C:\Users\TAMIR\documents\visual studio 2010\Projects\shayTamir\shayTamir\Debug\link.12100-cvtres.write.1.tlog
C:\Users\TAMIR\documents\visual studio 2010\Projects\shayTamir\shayTamir\Debug\link.2108.read.1.tlog
C:\Users\TAMIR\documents\visual studio 2010\Projects\shayTamir\shayTamir\Debug\link.2108.write.1.tlog
C:\Users\TAMIR\documents\visual studio 2010\Projects\shayTamir\shayTamir\Debug\link.2108-cvtres.read.1.tlog
C:\Users\TAMIR\documents\visual studio 2010\Projects\shayTamir\shayTamir\Debug\link.2108-cvtres.write.1.tlog
C:\Users\TAMIR\documents\visual studio 2010\Projects\shayTamir\shayTamir\Debug\link.2192.read.1.tlog
C:\Users\TAMIR\documents\visual studio 2010\Projects\shayTamir\shayTamir\Debug\link.2192.write.1.tlog
C:\Users\TAMIR\documents\visual studio 2010\Projects\shayTamir\shayTamir\Debug\link.2192-cvtres.read.1.tlog
C:\Users\TAMIR\documents\visual studio 2010\Projects\shayTamir\shayTamir\Debug\link.2192-cvtres.write.1.tlog
C:\Users\TAMIR\documents\visual studio 2010\Projects\shayTamir\shayTamir\Debug\link.3076.read.1.tlog
C:\Users\TAMIR\documents\visual studio 2010\Projects\shayTamir\shayTamir\Debug\link.3076.write.1.tlog
C:\Users\TAMIR\documents\visual studio 2010\Projects\shayTamir\shayTamir\Debug\link.3076-cvtres.read.1.tlog
C:\Users\TAMIR\documents\visual studio 2010\Projects\shayTamir\shayTamir\Debug\link.3076-cvtres.write.1.tlog
C:\Users\TAMIR\documents\visual studio 2010\Projects\shayTamir\shayTamir\Debug\link.3288.read.1.tlog
C:\Users\TAMIR\documents\visual studio 2010\Projects\shayTamir\shayTamir\Debug\link.3288.write.1.tlog
C:\Users\TAMIR\documents\visual studio 2010\Projects\shayTamir\shayTamir\Debug\link.3288-cvtres.read.1.tlog
C:\Users\TAMIR\documents\visual studio 2010\Projects\shayTamir\shayTamir\Debug\link.3288-cvtres.write.1.tlog
C:\Users\TAMIR\documents\visual studio 2010\Projects\shayTamir\shayTamir\Debug\link.3784.read.1.tlog
C:\Users\TAMIR\documents\visual studio 2010\Projects\shayTamir\shayTamir\Debug\link.3784.write.1.tlog
C:\Users\TAMIR\documents\visual studio 2010\Projects\shayTamir\shayTamir\Debug\link.3784-cvtres.read.1.tlog
C:\Users\TAMIR\documents\visual studio 2010\Projects\shayTamir\shayTamir\Debug\link.3784-cvtres.write.1.tlog
C:\Users\TAMIR\documents\visual studio 2010\Projects\shayTamir\shayTamir\Debug\link.436.read.1.tlog
C:\Users\TAMIR\documents\visual studio 2010\Projects\shayTamir\shayTamir\Debug\link.436.write.1.tlog
C:\Users\TAMIR\documents\visual studio 2010\Projects\shayTamir\shayTamir\Debug\link.436-cvtres.read.1.tlog
C:\Users\TAMIR\documents\visual studio 2010\Projects\shayTamir\shayTamir\Debug\link.436-cvtres.write.1.tlog
C:\Users\TAMIR\documents\visual studio 2010\Projects\shayTamir\shayTamir\Debug\link.496.read.1.tlog
C:\Users\TAMIR\documents\visual studio 2010\Projects\shayTamir\shayTamir\Debug\link.496.write.1.tlog
C:\Users\TAMIR\documents\visual studio 2010\Projects\shayTamir\shayTamir\Debug\link.496-cvtres.read.1.tlog
C:\Users\TAMIR\documents\visual studio 2010\Projects\shayTamir\shayTamir\Debug\link.496-cvtres.write.1.tlog
C:\Users\TAMIR\documents\visual studio 2010\Projects\shayTamir\shayTamir\Debug\link.5868.read.1.tlog
C:\Users\TAMIR\documents\visual studio 2010\Projects\shayTamir\shayTamir\Debug\link.5868.write.1.tlog
C:\Users\TAMIR\documents\visual studio 2010\Projects\shayTamir\shayTamir\Debug\link.5868-cvtres.read.1.tlog
C:\Users\TAMIR\documents\visual studio 2010\Projects\shayTamir\shayTamir\Debug\link.5868-cvtres.write.1.tlog
C:\Users\TAMIR\documents\visual studio 2010\Projects\shayTamir\shayTamir\Debug\link.6236.read.1.tlog
C:\Users\TAMIR\documents\visual studio 2010\Projects\shayTamir\shayTamir\Debug\link.6236.write.1.tlog
C:\Users\TAMIR\documents\visual studio 2010\Projects\shayTamir\shayTamir\Debug\link.6236-cvtres.read.1.tlog
C:\Users\TAMIR\documents\visual studio 2010\Projects\shayTamir\shayTamir\Debug\link.6236-cvtres.write.1.tlog
C:\Users\TAMIR\documents\visual studio 2010\Projects\shayTamir\shayTamir\Debug\link.6336.read.1.tlog
C:\Users\TAMIR\documents\visual studio 2010\Projects\shayTamir\shayTamir\Debug\link.6336.write.1.tlog
C:\Users\TAMIR\documents\visual studio 2010\Projects\shayTamir\shayTamir\Debug\link.6336-cvtres.read.1.tlog
C:\Users\TAMIR\documents\visual studio 2010\Projects\shayTamir\shayTamir\Debug\link.6336-cvtres.write.1.tlog
C:\Users\TAMIR\documents\visual studio 2010\Projects\shayTamir\shayTamir\Debug\link.7700.read.1.tlog
C:\Users\TAMIR\documents\visual studio 2010\Projects\shayTamir\shayTamir\Debug\link.7700.write.1.tlog
C:\Users\TAMIR\documents\visual studio 2010\Projects\shayTamir\shayTamir\Debug\link.7700-cvtres.read.1.tlog
C:\Users\TAMIR\documents\visual studio 2010\Projects\shayTamir\shayTamir\Debug\link.7700-cvtres.write.1.tlog
C:\Users\TAMIR\documents\visual studio 2010\Projects\shayTamir\shayTamir\Debug\link.7752.read.1.tlog
C:\Users\TAMIR\documents\visual studio 2010\Projects\shayTamir\shayTamir\Debug\link.7752.write.1.tlog
C:\Users\TAMIR\documents\visual studio 2010\Projects\shayTamir\shayTamir\Debug\link.7752-cvtres.read.1.tlog
C:\Users\TAMIR\documents\visual studio 2010\Projects\shayTamir\shayTamir\Debug\link.7752-cvtres.write.1.tlog
C:\Users\TAMIR\documents\visual studio 2010\Projects\shayTamir\shayTamir\Debug\link.8176.read.1.tlog
C:\Users\TAMIR\documents\visual studio 2010\Projects\shayTamir\shayTamir\Debug\link.8176.write.1.tlog
C:\Users\TAMIR\documents\visual studio 2010\Projects\shayTamir\shayTamir\Debug\link.8176-cvtres.read.1.tlog
C:\Users\TAMIR\documents\visual studio 2010\Projects\shayTamir\shayTamir\Debug\link.8176-cvtres.write.1.tlog
C:\Users\TAMIR\documents\visual studio 2010\Projects\shayTamir\shayTamir\Debug\link.8872.read.1.tlog
C:\Users\TAMIR\documents\visual studio 2010\Projects\shayTamir\shayTamir\Debug\link.8872.write.1.tlog
C:\Users\TAMIR\documents\visual studio 2010\Projects\shayTamir\shayTamir\Debug\link.8872-cvtres.read.1.tlog
C:\Users\TAMIR\documents\visual studio 2010\Projects\shayTamir\shayTamir\Debug\link.8872-cvtres.write.1.tlog
C:\Users\TAMIR\documents\visual studio 2010\Projects\shayTamir\shayTamir\Debug\link.8924.read.1.tlog
C:\Users\TAMIR\documents\visual studio 2010\Projects\shayTamir\shayTamir\Debug\link.8924.write.1.tlog
C:\Users\TAMIR\documents\visual studio 2010\Projects\shayTamir\shayTamir\Debug\link.8924-cvtres.read.1.tlog
C:\Users\TAMIR\documents\visual studio 2010\Projects\shayTamir\shayTamir\Debug\link.8924-cvtres.write.1.tlog
C:\Users\TAMIR\documents\visual studio 2010\Projects\shayTamir\shayTamir\Debug\link.9012.read.1.tlog
C:\Users\TAMIR\documents\visual studio 2010\Projects\shayTamir\shayTamir\Debug\link.9012.write.1.tlog
C:\Users\TAMIR\documents\visual studio 2010\Projects\shayTamir\shayTamir\Debug\link.9012-cvtres.read.1.tlog
C:\Users\TAMIR\documents\visual studio 2010\Projects\shayTamir\shayTamir\Debug\link.9012-cvtres.write.1.tlog
C:\Users\TAMIR\documents\visual studio 2010\Projects\shayTamir\shayTamir\Debug\link.9332.read.1.tlog
C:\Users\TAMIR\documents\visual studio 2010\Projects\shayTamir\shayTamir\Debug\link.9332.write.1.tlog
C:\Users\TAMIR\documents\visual studio 2010\Projects\shayTamir\shayTamir\Debug\link.9332-cvtres.read.1.tlog
C:\Users\TAMIR\documents\visual studio 2010\Projects\shayTamir\shayTamir\Debug\link.9332-cvtres.write.1.tlog
C:\Users\TAMIR\documents\visual studio 2010\Projects\shayTamir\shayTamir\Debug\link.command.1.tlog
C:\Users\TAMIR\documents\visual studio 2010\Projects\shayTamir\shayTamir\Debug\link.read.1.tlog
C:\Users\TAMIR\documents\visual studio 2010\Projects\shayTamir\shayTamir\Debug\link.write.1.tlog
C:\Users\TAMIR\documents\visual studio 2010\Projects\shayTamir\shayTamir\Debug\link-cvtres.read.1.tlog
C:\Users\TAMIR\documents\visual studio 2010\Projects\shayTamir\shayTamir\Debug\link-cvtres.write.1.tlog
C:\Users\TAMIR\documents\visual studio 2010\Projects\shayTamir\shayTamir\Debug\mt.command.1.tlog
C:\Users\TAMIR\documents\visual studio 2010\Projects\shayTamir\shayTamir\Debug\mt.read.1.tlog
C:\Users\TAMIR\documents\visual studio 2010\Projects\shayTamir\shayTamir\Debug\mt.write.1.tlog
C:\USERS\TAMIR\DOCUMENTS\VISUAL STUDIO 2010\PROJECTS\SHAYTAMIR\SHAYTAMIR\DEBUG\MYELLIPSE.OBJ
C:\USERS\TAMIR\DOCUMENTS\VISUAL STUDIO 2010\PROJECTS\SHAYTAMIR\SHAYTAMIR\DEBUG\MYLINE.OBJ
C:\USERS\TAMIR\DOCUMENTS\VISUAL STUDIO 2010\PROJECTS\SHAYTAMIR\SHAYTAMIR\DEBUG\MYRECTANGLE.OBJ
C:\USERS\TAMIR\DOCUMENTS\VISUAL STUDIO 2010\PROJECTS\SHAYTAMIR\SHAYTAMIR\DEBUG\MYSHAPE.OBJ
C:\USERS\TAMIR\DOCUMENTS\VISUAL STUDIO 2010\PROJECTS\SHAYTAMIR\SHAYTAMIR\DEBUG\MYSPRAY.OBJ
C:\USERS\TAMIR\DOCUMENTS\VISUAL STUDIO 2010\PROJECTS\SHAYTAMIR\SHAYTAMIR\DEBUG\PAINTDLG.OBJ
C:\Users\TAMIR\documents\visual studio 2010\Projects\shayTamir\shayTamir\Debug\rc.command.1.tlog
C:\Users\TAMIR\documents\visual studio 2010\Projects\shayTamir\shayTamir\Debug\rc.read.1.tlog
C:\Users\TAMIR\documents\visual studio 2010\Projects\shayTamir\shayTamir\Debug\rc.write.1.tlog
C:\USERS\TAMIR\DOCUMENTS\VISUAL STUDIO 2010\PROJECTS\SHAYTAMIR\SHAYTAMIR\DEBUG\RECTANGLEFACTORY.OBJ
C:\USERS\TAMIR\DOCUMENTS\VISUAL STUDIO 2010\PROJECTS\SHAYTAMIR\SHAYTAMIR\DEBUG\SHAPEFACTORY.OBJ
C:\USERS\TAMIR\DOCUMENTS\VISUAL STUDIO 2010\PROJECTS\SHAYTAMIR\SHAYTAMIR\DEBUG\SHAYTAMIR.EXE.EMBED.MANIFEST
C:\USERS\TAMIR\DOCUMENTS\VISUAL STUDIO 2010\PROJECTS\SHAYTAMIR\SHAYTAMIR\DEBUG\SHAYTAMIR.EXE.EMBED.MANIFEST.RES
C:\USERS\TAMIR\DOCUMENTS\VISUAL STUDIO 2010\PROJECTS\SHAYTAMIR\SHAYTAMIR\DEBUG\SHAYTAMIR.EXE.INTERMEDIATE.MANIFEST
C:\USERS\TAMIR\DOCUMENTS\VISUAL STUDIO 2010\PROJECTS\SHAYTAMIR\SHAYTAMIR\DEBUG\SHAYTAMIR.OBJ
C:\USERS\TAMIR\DOCUMENTS\VISUAL STUDIO 2010\PROJECTS\SHAYTAMIR\SHAYTAMIR\DEBUG\SHAYTAMIR.PCH
C:\USERS\TAMIR\DOCUMENTS\VISUAL STUDIO 2010\PROJECTS\SHAYTAMIR\SHAYTAMIR\DEBUG\SHAYTAMIR.RES
C:\Users\TAMIR\documents\visual studio 2010\Projects\shayTamir\shayTamir\Debug\shayTamir.vcxprojResolveAssemblyReference.cache
C:\Users\TAMIR\documents\visual studio 2010\Projects\shayTamir\shayTamir\Debug\shayTamir.write.1.tlog
C:\Users\TAMIR\documents\visual studio 2010\Projects\shayTamir\shayTamir\Debug\shayTamir_manifest.rc
C:\USERS\TAMIR\DOCUMENTS\VISUAL STUDIO 2010\PROJECTS\SHAYTAMIR\SHAYTAMIR\DEBUG\SHAYTAMIRDLG.OBJ
C:\USERS\TAMIR\DOCUMENTS\VISUAL STUDIO 2010\PROJECTS\SHAYTAMIR\SHAYTAMIR\DEBUG\SPRAYFACTORY.OBJ
C:\USERS\TAMIR\DOCUMENTS\VISUAL STUDIO 2010\PROJECTS\SHAYTAMIR\SHAYTAMIR\DEBUG\STDAFX.OBJ
C:\Users\TAMIR\documents\visual studio 2010\Projects\shayTamir\shayTamir\Debug\vc100.idb
C:\USERS\TAMIR\DOCUMENTS\VISUAL STUDIO 2010\PROJECTS\SHAYTAMIR\SHAYTAMIR\DEBUG\VC100.PDB
